#! /c/Source/iverilog-install/bin/vvp
:ivl_version "12.0 (devel)" "(s20150603-1539-g2693dd32b)";
:ivl_delay_selection "TYPICAL";
:vpi_time_precision + 0;
:vpi_module "C:\iverilog\lib\ivl\system.vpi";
:vpi_module "C:\iverilog\lib\ivl\vhdl_sys.vpi";
:vpi_module "C:\iverilog\lib\ivl\vhdl_textio.vpi";
:vpi_module "C:\iverilog\lib\ivl\v2005_math.vpi";
:vpi_module "C:\iverilog\lib\ivl\va_math.vpi";
S_000001c94bd83340 .scope module, "PC" "PC" 2 1;
 .timescale 0 0;
    .port_info 0 /OUTPUT 32 "PC";
    .port_info 1 /INPUT 32 "PC_Next";
    .port_info 2 /INPUT 1 "clk";
    .port_info 3 /INPUT 1 "reset";
v000001c94bd834d0_0 .var "PC", 31 0;
o000001c94bdb6fd8 .functor BUFZ 32, C4<zzzzzzzzzzzzzzzzzzzzzzzzzzzzzzzz>; HiZ drive
v000001c94bd83570_0 .net "PC_Next", 31 0, o000001c94bdb6fd8;  0 drivers
o000001c94bdb7008 .functor BUFZ 1, C4<z>; HiZ drive
v000001c94bd83610_0 .net "clk", 0 0, o000001c94bdb7008;  0 drivers
o000001c94bdb7038 .functor BUFZ 1, C4<z>; HiZ drive
v000001c94bd836b0_0 .net "reset", 0 0, o000001c94bdb7038;  0 drivers
E_000001c94bdb4be0 .event posedge, v000001c94bd836b0_0, v000001c94bd83610_0;
    .scope S_000001c94bd83340;
T_0 ;
    %wait E_000001c94bdb4be0;
    %load/vec4 v000001c94bd836b0_0;
    %inv;
    %flag_set/vec4 8;
    %jmp/0xz  T_0.0, 8;
    %pushi/vec4 0, 0, 32;
    %assign/vec4 v000001c94bd834d0_0, 0;
    %jmp T_0.1;
T_0.0 ;
    %load/vec4 v000001c94bd83570_0;
    %assign/vec4 v000001c94bd834d0_0, 0;
T_0.1 ;
    %jmp T_0;
    .thread T_0;
# The file index is used to find the file name in the following table.
:file_names 3;
    "N/A";
    "<interactive>";
    "PC.v";
